INFO  08:16:54 Application started. Press Ctrl+C to shut down.
INFO  08:16:54 Application started. Press Ctrl+C to shut down.
INFO  08:16:54 Hosting environment: Development
INFO  08:16:54 Hosting environment: Development
INFO  08:16:54 Content root path: C:\Users\HP\Downloads\ClaimManagementSystem-2\MemberMicroservice
INFO  08:16:54 Content root path: C:\Users\HP\Downloads\ClaimManagementSystem-2\MemberMicroservice
INFO  08:48:35 GetClaimStatus Accesed
INFO  08:50:37 GetClaimStatus Accesed
INFO  09:07:36 SubmitClaim Accesed
INFO  11:21:00 Application started. Press Ctrl+C to shut down.
INFO  11:21:00 Application started. Press Ctrl+C to shut down.
INFO  11:21:00 Hosting environment: Development
INFO  11:21:00 Hosting environment: Development
INFO  11:21:00 Content root path: C:\Users\HP\Downloads\ClaimManagementSystem-2\MemberMicroservice
INFO  11:21:00 Content root path: C:\Users\HP\Downloads\ClaimManagementSystem-2\MemberMicroservice
INFO  11:30:00 SubmitClaim Accesed
INFO  11:33:17 GetClaimStatus Accesed
INFO  11:57:43 SubmitClaim Accesed
INFO  11:57:47 ViewBills Accesed
INFO  11:36:01 Application started. Press Ctrl+C to shut down.
INFO  11:36:01 Application started. Press Ctrl+C to shut down.
INFO  11:36:01 Hosting environment: Development
INFO  11:36:01 Hosting environment: Development
INFO  11:36:01 Content root path: C:\Users\HP\Downloads\ClaimManagementSystem-2\MemberMicroservice
INFO  11:36:01 Content root path: C:\Users\HP\Downloads\ClaimManagementSystem-2\MemberMicroservice
INFO  11:37:46 GetClaimStatus Accesed
INFO  11:39:48 SubmitClaim Accesed
INFO  11:47:35 SubmitClaim Accesed
INFO  11:48:27 SubmitClaim Accesed
INFO  11:49:00 SubmitClaim Accesed
INFO  11:49:02 ViewBills Accesed
INFO  11:49:39 GetClaimStatus Accesed
INFO  11:50:04 ViewBills Accesed
INFO  11:55:26 Application started. Press Ctrl+C to shut down.
INFO  11:55:26 Application started. Press Ctrl+C to shut down.
INFO  11:55:26 Hosting environment: Development
INFO  11:55:26 Hosting environment: Development
INFO  11:55:26 Content root path: C:\Users\HP\Downloads\ClaimManagementSystem-2\MemberMicroservice
INFO  11:55:26 Content root path: C:\Users\HP\Downloads\ClaimManagementSystem-2\MemberMicroservice
INFO  11:56:13 SubmitClaim Accesed
INFO  11:56:15 ViewBills Accesed
INFO  11:56:52 Application started. Press Ctrl+C to shut down.
INFO  11:56:52 Application started. Press Ctrl+C to shut down.
INFO  11:56:52 Hosting environment: Development
INFO  11:56:52 Hosting environment: Development
INFO  11:56:52 Content root path: C:\Users\HP\Downloads\ClaimManagementSystem-2\MemberMicroservice
INFO  11:56:52 Content root path: C:\Users\HP\Downloads\ClaimManagementSystem-2\MemberMicroservice
INFO  12:01:09 Application started. Press Ctrl+C to shut down.
INFO  12:01:09 Application started. Press Ctrl+C to shut down.
INFO  12:01:09 Hosting environment: Development
INFO  12:01:09 Hosting environment: Development
INFO  12:01:09 Content root path: C:\Users\HP\Downloads\ClaimManagementSystem-2\MemberMicroservice
INFO  12:01:09 Content root path: C:\Users\HP\Downloads\ClaimManagementSystem-2\MemberMicroservice
INFO  12:04:30 Application started. Press Ctrl+C to shut down.
INFO  12:04:30 Application started. Press Ctrl+C to shut down.
INFO  12:04:30 Hosting environment: Development
INFO  12:04:30 Hosting environment: Development
INFO  12:04:30 Content root path: C:\Users\HP\Downloads\ClaimManagementSystem-2\MemberMicroservice
INFO  12:04:30 Content root path: C:\Users\HP\Downloads\ClaimManagementSystem-2\MemberMicroservice
INFO  12:13:28 SubmitClaim Accesed
INFO  12:13:38 ViewBills Accesed
INFO  12:16:28 ViewBills Accesed
INFO  12:16:34 ViewBills Accesed
INFO  12:16:37 ViewBills Accesed
INFO  03:38:47 Application started. Press Ctrl+C to shut down.
INFO  03:38:47 Application started. Press Ctrl+C to shut down.
INFO  03:38:47 Hosting environment: Development
INFO  03:38:47 Hosting environment: Development
INFO  03:38:47 Content root path: C:\Users\HP\Downloads\ClaimManagementSystem-2\MemberMicroservice
INFO  03:38:47 Content root path: C:\Users\HP\Downloads\ClaimManagementSystem-2\MemberMicroservice
